/home/bsc21/bsc21225/.lsbatch/1455798329.1614586.shell: line 13: environment.sh: No such file or directory
Esta parte final la ejecuta el rank mpi_rank
Esta parte la ejecuta el rank mpi_rank

Frecuencias parseadas (total 2 frecuencias)
     5.40 Hz
     6.20 Hz

Dimensiones del dominio (dimm x, y, z) 231231231, delta de espacio (dx,dy,dz) 17.361111 17.361111 17.361111 vmin 1500.000000
Necesitamos -1795863688bytes (-1.672528 GB) para almacenar el dominio
stacki = 15,  forw 135 y en el backward 135
Procesando gradiente (iteracion 0)
Folder created ./results/shot.00000
Storing parameters for shot 0 into ./results/shotparams_00000.dat
Storing parameters for shot 0 into ./results/shotparams_00000.dat
Cada uno de los arrays tiene 15069223celdas
ptr size = 60276892 bytes (15069223 elements)
Loading input model ../InputModels/velocitymodel_5.40.bin from disk (this could take a while)
Kernel finished OK.
Terminada la propagacion FORWARD en 2.704799 segundos
Kernel finished OK.
Terminada la propagacion BACKWARD en 2.643804 segundos
Guardando el gradiente en ./results/shot.00000/gradient_00000.dat
Guardando el precondicionador en ./results/shot.00000/precond_00000.dat
Liberada memoria del shot
GRAD LOOP: Terminamos el calculo del kernel para el shot 0 y frecuencia 5.40
Folder created ./results/shot.00001
Storing parameters for shot 1 into ./results/shotparams_00001.dat
Storing parameters for shot 1 into ./results/shotparams_00001.dat
Cada uno de los arrays tiene 15069223celdas
ptr size = 60276892 bytes (15069223 elements)
Loading input model ../InputModels/velocitymodel_5.40.bin from disk (this could take a while)
Kernel finished OK.
Terminada la propagacion FORWARD en 2.616717 segundos
Kernel finished OK.
Terminada la propagacion BACKWARD en 2.659986 segundos
Guardando el gradiente en ./results/shot.00001/gradient_00001.dat
Guardando el precondicionador en ./results/shot.00001/precond_00001.dat
Liberada memoria del shot
GRAD LOOP: Terminamos el calculo del kernel para el shot 1 y frecuencia 5.40
Acumulando los diferentes shots para generar el fichero de precondicionador
Leyendo el fichero de precondicionador ./results/shot.00000/precond_00000.dat
Leyendo el fichero de precondicionador ./results/shot.00001/precond_00001.dat
Terminamos de generar el fichero de gradiente en ./results/Preconditioner
Acumulando los diferentes shots para generar el fichero de gradiente
Leyendo el fichero de gradiente ./results/shot.00000/gradient_00000.dat
Leyendo el fichero de gradiente ./results/shot.00001/gradient_00001.dat
Terminamos de generar el fichero de gradiente en ./results/Gradient
Folder created ./results/shot.00000
Storing parameters for shot 0 into ./results/shotparams_00000.dat
Storing parameters for shot 0 into ./results/shotparams_00000.dat
Cada uno de los arrays tiene 15069223celdas
ptr size = 60276892 bytes (15069223 elements)
Loading input model ../InputModels/velocitymodel_5.40.bin from disk (this could take a while)
Los limites del dominio para el FWMODEL son (8-239,8-239,0-231)
Kernel finished OK.
Terminada la propagacion del Forward Modelling
Liberada memoria del shot
TEST LOOP: Terminamos el calculo del kernel para el shot 0 y frecuencia 5.40
Folder created ./results/shot.00001
Storing parameters for shot 1 into ./results/shotparams_00001.dat
Storing parameters for shot 1 into ./results/shotparams_00001.dat
Cada uno de los arrays tiene 15069223celdas
ptr size = 60276892 bytes (15069223 elements)
Loading input model ../InputModels/velocitymodel_5.40.bin from disk (this could take a while)
Los limites del dominio para el FWMODEL son (8-239,8-239,0-231)
Kernel finished OK.
Terminada la propagacion del Forward Modelling
Liberada memoria del shot
TEST LOOP: Terminamos el calculo del kernel para el shot 1 y frecuencia 5.40
Dimensiones del dominio (dimm x, y, z) 265265265, delta de espacio (dx,dy,dz) 15.120968 15.120968 15.120968 vmin 1500.000000
Necesitamos -1800345080bytes (-1.676702 GB) para almacenar el dominio
stacki = 15,  forw 155 y en el backward 155
Procesando gradiente (iteracion 0)
Folder created ./results/shot.00000
Storing parameters for shot 0 into ./results/shotparams_00000.dat
Storing parameters for shot 0 into ./results/shotparams_00000.dat
Cada uno de los arrays tiene 22188041celdas
ptr size = 88752164 bytes (22188041 elements)
Loading input model ../InputModels/velocitymodel_6.20.bin from disk (this could take a while)
Kernel finished OK.
Terminada la propagacion FORWARD en 4.268381 segundos
Kernel finished OK.
Terminada la propagacion BACKWARD en 4.336634 segundos
Guardando el gradiente en ./results/shot.00000/gradient_00000.dat
Guardando el precondicionador en ./results/shot.00000/precond_00000.dat
Liberada memoria del shot
GRAD LOOP: Terminamos el calculo del kernel para el shot 0 y frecuencia 6.20
Folder created ./results/shot.00001
Storing parameters for shot 1 into ./results/shotparams_00001.dat
Storing parameters for shot 1 into ./results/shotparams_00001.dat
Cada uno de los arrays tiene 22188041celdas
ptr size = 88752164 bytes (22188041 elements)
Loading input model ../InputModels/velocitymodel_6.20.bin from disk (this could take a while)
Kernel finished OK.
Terminada la propagacion FORWARD en 4.305102 segundos
Kernel finished OK.
Terminada la propagacion BACKWARD en 4.330671 segundos
Guardando el gradiente en ./results/shot.00001/gradient_00001.dat
Guardando el precondicionador en ./results/shot.00001/precond_00001.dat
Liberada memoria del shot
GRAD LOOP: Terminamos el calculo del kernel para el shot 1 y frecuencia 6.20
Acumulando los diferentes shots para generar el fichero de precondicionador
Leyendo el fichero de precondicionador ./results/shot.00000/precond_00000.dat
Leyendo el fichero de precondicionador ./results/shot.00001/precond_00001.dat
Terminamos de generar el fichero de gradiente en ./results/Preconditioner
Acumulando los diferentes shots para generar el fichero de gradiente
Leyendo el fichero de gradiente ./results/shot.00000/gradient_00000.dat
Leyendo el fichero de gradiente ./results/shot.00001/gradient_00001.dat
Terminamos de generar el fichero de gradiente en ./results/Gradient
Folder created ./results/shot.00000
Storing parameters for shot 0 into ./results/shotparams_00000.dat
Storing parameters for shot 0 into ./results/shotparams_00000.dat
Cada uno de los arrays tiene 22188041celdas
ptr size = 88752164 bytes (22188041 elements)
Loading input model ../InputModels/velocitymodel_6.20.bin from disk (this could take a while)
Los limites del dominio para el FWMODEL son (8-273,8-273,0-265)
Kernel finished OK.
Terminada la propagacion del Forward Modelling
Liberada memoria del shot
TEST LOOP: Terminamos el calculo del kernel para el shot 0 y frecuencia 6.20
Folder created ./results/shot.00001
Storing parameters for shot 1 into ./results/shotparams_00001.dat
Storing parameters for shot 1 into ./results/shotparams_00001.dat
Cada uno de los arrays tiene 22188041celdas
ptr size = 88752164 bytes (22188041 elements)
Loading input model ../InputModels/velocitymodel_6.20.bin from disk (this could take a while)
Los limites del dominio para el FWMODEL son (8-273,8-273,0-265)
Kernel finished OK.
Terminada la propagacion del Forward Modelling
Liberada memoria del shot
TEST LOOP: Terminamos el calculo del kernel para el shot 1 y frecuencia 6.20
Esta parte final la ejecuta el rank mpi_rank
-------------------------- Program Finished ------------------------ 
-------------------------- Program Finished ------------------------ 
