Thu Feb 18 13:26:28 CET 2016
Thu Feb 18 13:26:28 CET 2016
Thu Feb 18 13:26:28 CET 2016
Thu Feb 18 13:30:45 CET 2016

------------------------------------------------------------
Sender: LSF System <perf@s18r3b07>
Subject: Job 1614586: <fwi.mpi> in cluster <mn3> Done

Job <fwi.mpi> was submitted from host <login5> by user <bsc21225> in cluster <mn3>.
Job was executed on host(s) <2*s18r3b07>, in queue <mic>, as user <bsc21225> in cluster <mn3>.
</home/bsc21/bsc21225> was used as the home directory.
</.statelite/tmpfs/gpfs/scratch/bsc21/bsc21225/DEEPER2016/2_MPI_version> was used as the working directory.
Started at Thu Feb 18 13:26:24 2016
Results reported on Thu Feb 18 13:30:46 2016

Your job looked like:

------------------------------------------------------------
# LSBATCH: User input
#!/bin/bash
#BSUB -n 2
#BSUB -oo fwi_mpi.out
#BSUB -eo fwi_mpi.err
#BSUB -R "span[ptile=16]"
#BSUB -x
#BSUB -W 00:10
#BSUB -q mic
#BSUB -J fwi.mpi
ulimit -c unlimited

date
source environment.sh

# Intentar imitar /gpfs/scratch/bsc15/bsc15685/offload/apps/offload.test/mn3/mn3_x2m.lsf
date

export OMP_NUM_THREADS=16

date

mpirun -n 2 ./fwi.intel64 ../SetupParams/fwi_params.txt ../SetupParams/fwi_frequencies.txt

date

------------------------------------------------------------

Successfully completed.

Resource usage summary:

    CPU time :               1108.00 sec.
    Max Memory :             5026 MB
    Average Memory :         3621.00 MB
    Total Requested Memory : 3624.00 MB
    Delta Memory :           -1402.00 MB
    (Delta: the difference between Total Requested Memory and Max Memory.)
    Max Processes :          11
    Max Threads :            29
    Job Energy Consumption : -

The output (if any) is above this job summary.



PS:

Read file <fwi_mpi.err> for stderr output of this job.

